
!ENTRY com.musicAcademy.osgi.MiddleConsumer 4 0 2024-03-05 01:11:40.702
!MESSAGE FrameworkEvent ERROR
!STACK 0
org.osgi.framework.BundleException: Exception in com.musicacademy.osgi.middleconsumer.MiddleConsumerActivator.start() of bundle com.musicAcademy.osgi.MiddleConsumer.
	at org.eclipse.osgi.internal.framework.BundleContextImpl.startActivator(BundleContextImpl.java:839)
	at org.eclipse.osgi.internal.framework.BundleContextImpl.start(BundleContextImpl.java:767)
	at org.eclipse.osgi.internal.framework.EquinoxBundle.startWorker0(EquinoxBundle.java:1032)
	at org.eclipse.osgi.internal.framework.EquinoxBundle$EquinoxModule.startWorker(EquinoxBundle.java:371)
	at org.eclipse.osgi.container.Module.doStart(Module.java:605)
	at org.eclipse.osgi.container.Module.start(Module.java:468)
	at org.eclipse.osgi.container.ModuleContainer$ContainerStartLevel$2.run(ModuleContainer.java:1852)
	at org.eclipse.osgi.internal.framework.EquinoxContainerAdaptor$1$1.execute(EquinoxContainerAdaptor.java:136)
	at org.eclipse.osgi.container.ModuleContainer$ContainerStartLevel.incStartLevel(ModuleContainer.java:1845)
	at org.eclipse.osgi.container.ModuleContainer$ContainerStartLevel.incStartLevel(ModuleContainer.java:1788)
	at org.eclipse.osgi.container.ModuleContainer$ContainerStartLevel.doContainerStartLevel(ModuleContainer.java:1750)
	at org.eclipse.osgi.container.ModuleContainer$ContainerStartLevel.dispatchEvent(ModuleContainer.java:1672)
	at org.eclipse.osgi.container.ModuleContainer$ContainerStartLevel.dispatchEvent(ModuleContainer.java:1)
	at org.eclipse.osgi.framework.eventmgr.EventManager.dispatchEvent(EventManager.java:234)
	at org.eclipse.osgi.framework.eventmgr.EventManager$EventThread.run(EventManager.java:345)
Caused by: java.util.InputMismatchException
	at java.base/java.util.Scanner.throwFor(Scanner.java:947)
	at java.base/java.util.Scanner.next(Scanner.java:1602)
	at java.base/java.util.Scanner.nextInt(Scanner.java:2267)
	at java.base/java.util.Scanner.nextInt(Scanner.java:2221)
	at com.musicacademy.osgi.quizpublisher.QuizPublisherImpl.removeQuiz(QuizPublisherImpl.java:227)
	at com.musicacademy.osgi.middleservice.MiddleServiceImpl.selectTeacherOpt(MiddleServiceImpl.java:143)
	at com.musicacademy.osgi.middleservice.MiddleServiceImpl.chooseConsumer(MiddleServiceImpl.java:179)
	at com.musicacademy.osgi.middleconsumer.MiddleConsumerActivator.start(MiddleConsumerActivator.java:22)
	at org.eclipse.osgi.internal.framework.BundleContextImpl$2.run(BundleContextImpl.java:818)
	at org.eclipse.osgi.internal.framework.BundleContextImpl$2.run(BundleContextImpl.java:1)
	at java.base/java.security.AccessController.doPrivileged(AccessController.java:571)
	at org.eclipse.osgi.internal.framework.BundleContextImpl.startActivator(BundleContextImpl.java:810)
	... 14 more
Root exception:
java.util.InputMismatchException
	at java.base/java.util.Scanner.throwFor(Scanner.java:947)
	at java.base/java.util.Scanner.next(Scanner.java:1602)
	at java.base/java.util.Scanner.nextInt(Scanner.java:2267)
	at java.base/java.util.Scanner.nextInt(Scanner.java:2221)
	at com.musicacademy.osgi.quizpublisher.QuizPublisherImpl.removeQuiz(QuizPublisherImpl.java:227)
	at com.musicacademy.osgi.middleservice.MiddleServiceImpl.selectTeacherOpt(MiddleServiceImpl.java:143)
	at com.musicacademy.osgi.middleservice.MiddleServiceImpl.chooseConsumer(MiddleServiceImpl.java:179)
	at com.musicacademy.osgi.middleconsumer.MiddleConsumerActivator.start(MiddleConsumerActivator.java:22)
	at org.eclipse.osgi.internal.framework.BundleContextImpl$2.run(BundleContextImpl.java:818)
	at org.eclipse.osgi.internal.framework.BundleContextImpl$2.run(BundleContextImpl.java:1)
	at java.base/java.security.AccessController.doPrivileged(AccessController.java:571)
	at org.eclipse.osgi.internal.framework.BundleContextImpl.startActivator(BundleContextImpl.java:810)
	at org.eclipse.osgi.internal.framework.BundleContextImpl.start(BundleContextImpl.java:767)
	at org.eclipse.osgi.internal.framework.EquinoxBundle.startWorker0(EquinoxBundle.java:1032)
	at org.eclipse.osgi.internal.framework.EquinoxBundle$EquinoxModule.startWorker(EquinoxBundle.java:371)
	at org.eclipse.osgi.container.Module.doStart(Module.java:605)
	at org.eclipse.osgi.container.Module.start(Module.java:468)
	at org.eclipse.osgi.container.ModuleContainer$ContainerStartLevel$2.run(ModuleContainer.java:1852)
	at org.eclipse.osgi.internal.framework.EquinoxContainerAdaptor$1$1.execute(EquinoxContainerAdaptor.java:136)
	at org.eclipse.osgi.container.ModuleContainer$ContainerStartLevel.incStartLevel(ModuleContainer.java:1845)
	at org.eclipse.osgi.container.ModuleContainer$ContainerStartLevel.incStartLevel(ModuleContainer.java:1788)
	at org.eclipse.osgi.container.ModuleContainer$ContainerStartLevel.doContainerStartLevel(ModuleContainer.java:1750)
	at org.eclipse.osgi.container.ModuleContainer$ContainerStartLevel.dispatchEvent(ModuleContainer.java:1672)
	at org.eclipse.osgi.container.ModuleContainer$ContainerStartLevel.dispatchEvent(ModuleContainer.java:1)
	at org.eclipse.osgi.framework.eventmgr.EventManager.dispatchEvent(EventManager.java:234)
	at org.eclipse.osgi.framework.eventmgr.EventManager$EventThread.run(EventManager.java:345)
