!SESSION 2024-03-05 01:07:59.956 -----------------------------------------------
eclipse.buildId=unknown
java.version=21.0.2
java.vendor=Eclipse Adoptium
BootLoader constants: OS=win32, ARCH=x86_64, WS=win32, NL=en_US
Command-line arguments:  -dev file:D:/project/.metadata/.plugins/org.eclipse.pde.core/OSGi Framework/dev.properties -os win32 -ws win32 -arch x86_64 -consoleLog -console

!ENTRY org.eclipse.osgi 4 0 2024-03-05 01:08:04.034
!MESSAGE An error occurred while automatically activating bundle bndtools.core (14).
!STACK 0
org.osgi.framework.BundleException: Exception in bndtools.Plugin.start() of bundle bndtools.core.
	at org.eclipse.osgi.internal.framework.BundleContextImpl.startActivator(BundleContextImpl.java:839)
	at org.eclipse.osgi.internal.framework.BundleContextImpl.start(BundleContextImpl.java:767)
	at org.eclipse.osgi.internal.framework.EquinoxBundle.startWorker0(EquinoxBundle.java:1032)
	at org.eclipse.osgi.internal.framework.EquinoxBundle$EquinoxModule.startWorker(EquinoxBundle.java:371)
	at org.eclipse.osgi.container.Module.doStart(Module.java:605)
	at org.eclipse.osgi.container.Module.start(Module.java:468)
	at org.eclipse.osgi.framework.util.SecureAction.start(SecureAction.java:513)
	at org.eclipse.osgi.internal.hooks.EclipseLazyStarter.postFindLocalClass(EclipseLazyStarter.java:117)
	at org.eclipse.osgi.internal.loader.classpath.ClasspathManager.findLocalClass(ClasspathManager.java:570)
	at org.eclipse.osgi.internal.loader.ModuleClassLoader.findLocalClass(ModuleClassLoader.java:335)
	at org.eclipse.osgi.internal.loader.BundleLoader.findLocalClass(BundleLoader.java:397)
	at org.eclipse.osgi.internal.loader.sources.SingleSourcePackage.loadClass(SingleSourcePackage.java:41)
	at org.eclipse.osgi.internal.loader.BundleLoader.findClass0(BundleLoader.java:479)
	at org.eclipse.osgi.internal.loader.BundleLoader.findClass(BundleLoader.java:416)
	at org.eclipse.osgi.internal.loader.ModuleClassLoader.loadClass(ModuleClassLoader.java:168)
	at java.base/java.lang.ClassLoader.loadClass(ClassLoader.java:526)
	at org.bndtools.builder.BuilderPlugin.start(BuilderPlugin.java:23)
	at org.eclipse.osgi.internal.framework.BundleContextImpl$2.run(BundleContextImpl.java:818)
	at org.eclipse.osgi.internal.framework.BundleContextImpl$2.run(BundleContextImpl.java:1)
	at java.base/java.security.AccessController.doPrivileged(AccessController.java:571)
	at org.eclipse.osgi.internal.framework.BundleContextImpl.startActivator(BundleContextImpl.java:810)
	at org.eclipse.osgi.internal.framework.BundleContextImpl.start(BundleContextImpl.java:767)
	at org.eclipse.osgi.internal.framework.EquinoxBundle.startWorker0(EquinoxBundle.java:1032)
	at org.eclipse.osgi.internal.framework.EquinoxBundle$EquinoxModule.startWorker(EquinoxBundle.java:371)
	at org.eclipse.osgi.container.Module.doStart(Module.java:605)
	at org.eclipse.osgi.container.Module.start(Module.java:468)
	at org.eclipse.osgi.container.ModuleContainer$ContainerStartLevel$2.run(ModuleContainer.java:1852)
	at org.eclipse.osgi.internal.framework.EquinoxContainerAdaptor$1$1.execute(EquinoxContainerAdaptor.java:136)
	at org.eclipse.osgi.container.ModuleContainer$ContainerStartLevel.incStartLevel(ModuleContainer.java:1845)
	at org.eclipse.osgi.container.ModuleContainer$ContainerStartLevel.incStartLevel(ModuleContainer.java:1788)
	at org.eclipse.osgi.container.ModuleContainer$ContainerStartLevel.doContainerStartLevel(ModuleContainer.java:1750)
	at org.eclipse.osgi.container.ModuleContainer$ContainerStartLevel.dispatchEvent(ModuleContainer.java:1672)
	at org.eclipse.osgi.container.ModuleContainer$ContainerStartLevel.dispatchEvent(ModuleContainer.java:1)
	at org.eclipse.osgi.framework.eventmgr.EventManager.dispatchEvent(EventManager.java:234)
	at org.eclipse.osgi.framework.eventmgr.EventManager$EventThread.run(EventManager.java:345)
Caused by: java.lang.IllegalStateException: Workspace is already closed or not ready yet. Consider tracking the org.eclipse.core.resources.IWorkspace service (using your favorite technique, e.g. Declarative Services, ServiceTracker, Blueprint, ...) instead of calling the static method here to prevent such issues!
	at org.eclipse.core.resources.ResourcesPlugin.getWorkspace(ResourcesPlugin.java:502)
	at org.bndtools.builder.jobs.newproject.NewProjectJobsStartupParticipant.start(NewProjectJobsStartupParticipant.java:13)
	at bndtools.Plugin.runStartupParticipants(Plugin.java:113)
	at bndtools.Plugin.start(Plugin.java:84)
	at org.eclipse.osgi.internal.framework.BundleContextImpl$2.run(BundleContextImpl.java:818)
	at org.eclipse.osgi.internal.framework.BundleContextImpl$2.run(BundleContextImpl.java:1)
	at java.base/java.security.AccessController.doPrivileged(AccessController.java:571)
	at org.eclipse.osgi.internal.framework.BundleContextImpl.startActivator(BundleContextImpl.java:810)
	... 34 more
Root exception:
java.lang.IllegalStateException: Workspace is already closed or not ready yet. Consider tracking the org.eclipse.core.resources.IWorkspace service (using your favorite technique, e.g. Declarative Services, ServiceTracker, Blueprint, ...) instead of calling the static method here to prevent such issues!
	at org.eclipse.core.resources.ResourcesPlugin.getWorkspace(ResourcesPlugin.java:502)
	at org.bndtools.builder.jobs.newproject.NewProjectJobsStartupParticipant.start(NewProjectJobsStartupParticipant.java:13)
	at bndtools.Plugin.runStartupParticipants(Plugin.java:113)
	at bndtools.Plugin.start(Plugin.java:84)
	at org.eclipse.osgi.internal.framework.BundleContextImpl$2.run(BundleContextImpl.java:818)
	at org.eclipse.osgi.internal.framework.BundleContextImpl$2.run(BundleContextImpl.java:1)
	at java.base/java.security.AccessController.doPrivileged(AccessController.java:571)
	at org.eclipse.osgi.internal.framework.BundleContextImpl.startActivator(BundleContextImpl.java:810)
	at org.eclipse.osgi.internal.framework.BundleContextImpl.start(BundleContextImpl.java:767)
	at org.eclipse.osgi.internal.framework.EquinoxBundle.startWorker0(EquinoxBundle.java:1032)
	at org.eclipse.osgi.internal.framework.EquinoxBundle$EquinoxModule.startWorker(EquinoxBundle.java:371)
	at org.eclipse.osgi.container.Module.doStart(Module.java:605)
	at org.eclipse.osgi.container.Module.start(Module.java:468)
	at org.eclipse.osgi.framework.util.SecureAction.start(SecureAction.java:513)
	at org.eclipse.osgi.internal.hooks.EclipseLazyStarter.postFindLocalClass(EclipseLazyStarter.java:117)
	at org.eclipse.osgi.internal.loader.classpath.ClasspathManager.findLocalClass(ClasspathManager.java:570)
	at org.eclipse.osgi.internal.loader.ModuleClassLoader.findLocalClass(ModuleClassLoader.java:335)
	at org.eclipse.osgi.internal.loader.BundleLoader.findLocalClass(BundleLoader.java:397)
	at org.eclipse.osgi.internal.loader.sources.SingleSourcePackage.loadClass(SingleSourcePackage.java:41)
	at org.eclipse.osgi.internal.loader.BundleLoader.findClass0(BundleLoader.java:479)
	at org.eclipse.osgi.internal.loader.BundleLoader.findClass(BundleLoader.java:416)
	at org.eclipse.osgi.internal.loader.ModuleClassLoader.loadClass(ModuleClassLoader.java:168)
	at java.base/java.lang.ClassLoader.loadClass(ClassLoader.java:526)
	at org.bndtools.builder.BuilderPlugin.start(BuilderPlugin.java:23)
	at org.eclipse.osgi.internal.framework.BundleContextImpl$2.run(BundleContextImpl.java:818)
	at org.eclipse.osgi.internal.framework.BundleContextImpl$2.run(BundleContextImpl.java:1)
	at java.base/java.security.AccessController.doPrivileged(AccessController.java:571)
	at org.eclipse.osgi.internal.framework.BundleContextImpl.startActivator(BundleContextImpl.java:810)
	at org.eclipse.osgi.internal.framework.BundleContextImpl.start(BundleContextImpl.java:767)
	at org.eclipse.osgi.internal.framework.EquinoxBundle.startWorker0(EquinoxBundle.java:1032)
	at org.eclipse.osgi.internal.framework.EquinoxBundle$EquinoxModule.startWorker(EquinoxBundle.java:371)
	at org.eclipse.osgi.container.Module.doStart(Module.java:605)
	at org.eclipse.osgi.container.Module.start(Module.java:468)
	at org.eclipse.osgi.container.ModuleContainer$ContainerStartLevel$2.run(ModuleContainer.java:1852)
	at org.eclipse.osgi.internal.framework.EquinoxContainerAdaptor$1$1.execute(EquinoxContainerAdaptor.java:136)
	at org.eclipse.osgi.container.ModuleContainer$ContainerStartLevel.incStartLevel(ModuleContainer.java:1845)
	at org.eclipse.osgi.container.ModuleContainer$ContainerStartLevel.incStartLevel(ModuleContainer.java:1788)
	at org.eclipse.osgi.container.ModuleContainer$ContainerStartLevel.doContainerStartLevel(ModuleContainer.java:1750)
	at org.eclipse.osgi.container.ModuleContainer$ContainerStartLevel.dispatchEvent(ModuleContainer.java:1672)
	at org.eclipse.osgi.container.ModuleContainer$ContainerStartLevel.dispatchEvent(ModuleContainer.java:1)
	at org.eclipse.osgi.framework.eventmgr.EventManager.dispatchEvent(EventManager.java:234)
	at org.eclipse.osgi.framework.eventmgr.EventManager$EventThread.run(EventManager.java:345)

!ENTRY bndtools.builder 4 0 2024-03-05 01:08:04.101
!MESSAGE FrameworkEvent ERROR
!STACK 0
org.osgi.framework.BundleException: Exception in org.bndtools.builder.BuilderPlugin.start() of bundle bndtools.builder.
	at org.eclipse.osgi.internal.framework.BundleContextImpl.startActivator(BundleContextImpl.java:839)
	at org.eclipse.osgi.internal.framework.BundleContextImpl.start(BundleContextImpl.java:767)
	at org.eclipse.osgi.internal.framework.EquinoxBundle.startWorker0(EquinoxBundle.java:1032)
	at org.eclipse.osgi.internal.framework.EquinoxBundle$EquinoxModule.startWorker(EquinoxBundle.java:371)
	at org.eclipse.osgi.container.Module.doStart(Module.java:605)
	at org.eclipse.osgi.container.Module.start(Module.java:468)
	at org.eclipse.osgi.container.ModuleContainer$ContainerStartLevel$2.run(ModuleContainer.java:1852)
	at org.eclipse.osgi.internal.framework.EquinoxContainerAdaptor$1$1.execute(EquinoxContainerAdaptor.java:136)
	at org.eclipse.osgi.container.ModuleContainer$ContainerStartLevel.incStartLevel(ModuleContainer.java:1845)
	at org.eclipse.osgi.container.ModuleContainer$ContainerStartLevel.incStartLevel(ModuleContainer.java:1788)
	at org.eclipse.osgi.container.ModuleContainer$ContainerStartLevel.doContainerStartLevel(ModuleContainer.java:1750)
	at org.eclipse.osgi.container.ModuleContainer$ContainerStartLevel.dispatchEvent(ModuleContainer.java:1672)
	at org.eclipse.osgi.container.ModuleContainer$ContainerStartLevel.dispatchEvent(ModuleContainer.java:1)
	at org.eclipse.osgi.framework.eventmgr.EventManager.dispatchEvent(EventManager.java:234)
	at org.eclipse.osgi.framework.eventmgr.EventManager$EventThread.run(EventManager.java:345)
Caused by: java.lang.NoClassDefFoundError: org/bndtools/build/api/IProjectDecorator
	at org.bndtools.builder.BuilderPlugin.start(BuilderPlugin.java:23)
	at org.eclipse.osgi.internal.framework.BundleContextImpl$2.run(BundleContextImpl.java:818)
	at org.eclipse.osgi.internal.framework.BundleContextImpl$2.run(BundleContextImpl.java:1)
	at java.base/java.security.AccessController.doPrivileged(AccessController.java:571)
	at org.eclipse.osgi.internal.framework.BundleContextImpl.startActivator(BundleContextImpl.java:810)
	... 14 more
Caused by: java.lang.ClassNotFoundException: An error occurred while automatically activating bundle bndtools.core (14).
	at org.eclipse.osgi.internal.hooks.EclipseLazyStarter.postFindLocalClass(EclipseLazyStarter.java:126)
	at org.eclipse.osgi.internal.loader.classpath.ClasspathManager.findLocalClass(ClasspathManager.java:570)
	at org.eclipse.osgi.internal.loader.ModuleClassLoader.findLocalClass(ModuleClassLoader.java:335)
	at org.eclipse.osgi.internal.loader.BundleLoader.findLocalClass(BundleLoader.java:397)
	at org.eclipse.osgi.internal.loader.sources.SingleSourcePackage.loadClass(SingleSourcePackage.java:41)
	at org.eclipse.osgi.internal.loader.BundleLoader.findClass0(BundleLoader.java:479)
	at org.eclipse.osgi.internal.loader.BundleLoader.findClass(BundleLoader.java:416)
	at org.eclipse.osgi.internal.loader.ModuleClassLoader.loadClass(ModuleClassLoader.java:168)
	at java.base/java.lang.ClassLoader.loadClass(ClassLoader.java:526)
	... 19 more
Caused by: org.osgi.framework.BundleException: Exception in bndtools.Plugin.start() of bundle bndtools.core.
	at org.eclipse.osgi.internal.framework.BundleContextImpl.startActivator(BundleContextImpl.java:839)
	at org.eclipse.osgi.internal.framework.BundleContextImpl.start(BundleContextImpl.java:767)
	at org.eclipse.osgi.internal.framework.EquinoxBundle.startWorker0(EquinoxBundle.java:1032)
	at org.eclipse.osgi.internal.framework.EquinoxBundle$EquinoxModule.startWorker(EquinoxBundle.java:371)
	at org.eclipse.osgi.container.Module.doStart(Module.java:605)
	at org.eclipse.osgi.container.Module.start(Module.java:468)
	at org.eclipse.osgi.framework.util.SecureAction.start(SecureAction.java:513)
	at org.eclipse.osgi.internal.hooks.EclipseLazyStarter.postFindLocalClass(EclipseLazyStarter.java:117)
	... 27 more
Caused by: java.lang.IllegalStateException: Workspace is already closed or not ready yet. Consider tracking the org.eclipse.core.resources.IWorkspace service (using your favorite technique, e.g. Declarative Services, ServiceTracker, Blueprint, ...) instead of calling the static method here to prevent such issues!
	at org.eclipse.core.resources.ResourcesPlugin.getWorkspace(ResourcesPlugin.java:502)
	at org.bndtools.builder.jobs.newproject.NewProjectJobsStartupParticipant.start(NewProjectJobsStartupParticipant.java:13)
	at bndtools.Plugin.runStartupParticipants(Plugin.java:113)
	at bndtools.Plugin.start(Plugin.java:84)
	at org.eclipse.osgi.internal.framework.BundleContextImpl$2.run(BundleContextImpl.java:818)
	at org.eclipse.osgi.internal.framework.BundleContextImpl$2.run(BundleContextImpl.java:1)
	at java.base/java.security.AccessController.doPrivileged(AccessController.java:571)
	at org.eclipse.osgi.internal.framework.BundleContextImpl.startActivator(BundleContextImpl.java:810)
	... 34 more
Root exception:
java.lang.NoClassDefFoundError: org/bndtools/build/api/IProjectDecorator
	at org.bndtools.builder.BuilderPlugin.start(BuilderPlugin.java:23)
	at org.eclipse.osgi.internal.framework.BundleContextImpl$2.run(BundleContextImpl.java:818)
	at org.eclipse.osgi.internal.framework.BundleContextImpl$2.run(BundleContextImpl.java:1)
	at java.base/java.security.AccessController.doPrivileged(AccessController.java:571)
	at org.eclipse.osgi.internal.framework.BundleContextImpl.startActivator(BundleContextImpl.java:810)
	at org.eclipse.osgi.internal.framework.BundleContextImpl.start(BundleContextImpl.java:767)
	at org.eclipse.osgi.internal.framework.EquinoxBundle.startWorker0(EquinoxBundle.java:1032)
	at org.eclipse.osgi.internal.framework.EquinoxBundle$EquinoxModule.startWorker(EquinoxBundle.java:371)
	at org.eclipse.osgi.container.Module.doStart(Module.java:605)
	at org.eclipse.osgi.container.Module.start(Module.java:468)
	at org.eclipse.osgi.container.ModuleContainer$ContainerStartLevel$2.run(ModuleContainer.java:1852)
	at org.eclipse.osgi.internal.framework.EquinoxContainerAdaptor$1$1.execute(EquinoxContainerAdaptor.java:136)
	at org.eclipse.osgi.container.ModuleContainer$ContainerStartLevel.incStartLevel(ModuleContainer.java:1845)
	at org.eclipse.osgi.container.ModuleContainer$ContainerStartLevel.incStartLevel(ModuleContainer.java:1788)
	at org.eclipse.osgi.container.ModuleContainer$ContainerStartLevel.doContainerStartLevel(ModuleContainer.java:1750)
	at org.eclipse.osgi.container.ModuleContainer$ContainerStartLevel.dispatchEvent(ModuleContainer.java:1672)
	at org.eclipse.osgi.container.ModuleContainer$ContainerStartLevel.dispatchEvent(ModuleContainer.java:1)
	at org.eclipse.osgi.framework.eventmgr.EventManager.dispatchEvent(EventManager.java:234)
	at org.eclipse.osgi.framework.eventmgr.EventManager$EventThread.run(EventManager.java:345)
Caused by: java.lang.ClassNotFoundException: An error occurred while automatically activating bundle bndtools.core (14).
	at org.eclipse.osgi.internal.hooks.EclipseLazyStarter.postFindLocalClass(EclipseLazyStarter.java:126)
	at org.eclipse.osgi.internal.loader.classpath.ClasspathManager.findLocalClass(ClasspathManager.java:570)
	at org.eclipse.osgi.internal.loader.ModuleClassLoader.findLocalClass(ModuleClassLoader.java:335)
	at org.eclipse.osgi.internal.loader.BundleLoader.findLocalClass(BundleLoader.java:397)
	at org.eclipse.osgi.internal.loader.sources.SingleSourcePackage.loadClass(SingleSourcePackage.java:41)
	at org.eclipse.osgi.internal.loader.BundleLoader.findClass0(BundleLoader.java:479)
	at org.eclipse.osgi.internal.loader.BundleLoader.findClass(BundleLoader.java:416)
	at org.eclipse.osgi.internal.loader.ModuleClassLoader.loadClass(ModuleClassLoader.java:168)
	at java.base/java.lang.ClassLoader.loadClass(ClassLoader.java:526)
	... 19 more
Caused by: org.osgi.framework.BundleException: Exception in bndtools.Plugin.start() of bundle bndtools.core.
	at org.eclipse.osgi.internal.framework.BundleContextImpl.startActivator(BundleContextImpl.java:839)
	at org.eclipse.osgi.internal.framework.BundleContextImpl.start(BundleContextImpl.java:767)
	at org.eclipse.osgi.internal.framework.EquinoxBundle.startWorker0(EquinoxBundle.java:1032)
	at org.eclipse.osgi.internal.framework.EquinoxBundle$EquinoxModule.startWorker(EquinoxBundle.java:371)
	at org.eclipse.osgi.container.Module.doStart(Module.java:605)
	at org.eclipse.osgi.container.Module.start(Module.java:468)
	at org.eclipse.osgi.framework.util.SecureAction.start(SecureAction.java:513)
	at org.eclipse.osgi.internal.hooks.EclipseLazyStarter.postFindLocalClass(EclipseLazyStarter.java:117)
	... 27 more
Caused by: java.lang.IllegalStateException: Workspace is already closed or not ready yet. Consider tracking the org.eclipse.core.resources.IWorkspace service (using your favorite technique, e.g. Declarative Services, ServiceTracker, Blueprint, ...) instead of calling the static method here to prevent such issues!
	at org.eclipse.core.resources.ResourcesPlugin.getWorkspace(ResourcesPlugin.java:502)
	at org.bndtools.builder.jobs.newproject.NewProjectJobsStartupParticipant.start(NewProjectJobsStartupParticipant.java:13)
	at bndtools.Plugin.runStartupParticipants(Plugin.java:113)
	at bndtools.Plugin.start(Plugin.java:84)
	at org.eclipse.osgi.internal.framework.BundleContextImpl$2.run(BundleContextImpl.java:818)
	at org.eclipse.osgi.internal.framework.BundleContextImpl$2.run(BundleContextImpl.java:1)
	at java.base/java.security.AccessController.doPrivileged(AccessController.java:571)
	at org.eclipse.osgi.internal.framework.BundleContextImpl.startActivator(BundleContextImpl.java:810)
	... 34 more

!ENTRY bndtools.core 4 0 2024-03-05 01:08:04.104
!MESSAGE FrameworkEvent ERROR
!STACK 0
org.osgi.framework.BundleException: Error loading bundle activator. bndtools.core_7.0.0.202310060912 [14]
	at org.eclipse.osgi.internal.framework.BundleContextImpl.start(BundleContextImpl.java:761)
	at org.eclipse.osgi.internal.framework.EquinoxBundle.startWorker0(EquinoxBundle.java:1032)
	at org.eclipse.osgi.internal.framework.EquinoxBundle$EquinoxModule.startWorker(EquinoxBundle.java:371)
	at org.eclipse.osgi.container.Module.doStart(Module.java:605)
	at org.eclipse.osgi.container.Module.start(Module.java:468)
	at org.eclipse.osgi.container.ModuleContainer$ContainerStartLevel$2.run(ModuleContainer.java:1852)
	at org.eclipse.osgi.internal.framework.EquinoxContainerAdaptor$1$1.execute(EquinoxContainerAdaptor.java:136)
	at org.eclipse.osgi.container.ModuleContainer$ContainerStartLevel.incStartLevel(ModuleContainer.java:1845)
	at org.eclipse.osgi.container.ModuleContainer$ContainerStartLevel.incStartLevel(ModuleContainer.java:1788)
	at org.eclipse.osgi.container.ModuleContainer$ContainerStartLevel.doContainerStartLevel(ModuleContainer.java:1750)
	at org.eclipse.osgi.container.ModuleContainer$ContainerStartLevel.dispatchEvent(ModuleContainer.java:1672)
	at org.eclipse.osgi.container.ModuleContainer$ContainerStartLevel.dispatchEvent(ModuleContainer.java:1)
	at org.eclipse.osgi.framework.eventmgr.EventManager.dispatchEvent(EventManager.java:234)
	at org.eclipse.osgi.framework.eventmgr.EventManager$EventThread.run(EventManager.java:345)
Caused by: java.lang.ClassNotFoundException: An error occurred while automatically activating bundle bndtools.core (14).
	at org.eclipse.osgi.internal.hooks.EclipseLazyStarter.postFindLocalClass(EclipseLazyStarter.java:126)
	at org.eclipse.osgi.internal.loader.classpath.ClasspathManager.findLocalClass(ClasspathManager.java:570)
	at org.eclipse.osgi.internal.loader.ModuleClassLoader.findLocalClass(ModuleClassLoader.java:335)
	at org.eclipse.osgi.internal.loader.BundleLoader.findLocalClass(BundleLoader.java:397)
	at org.eclipse.osgi.internal.loader.sources.SingleSourcePackage.loadClass(SingleSourcePackage.java:41)
	at org.eclipse.osgi.internal.loader.BundleLoader.findClass0(BundleLoader.java:479)
	at org.eclipse.osgi.internal.loader.BundleLoader.findClass(BundleLoader.java:416)
	at org.eclipse.osgi.internal.loader.ModuleClassLoader.loadClass(ModuleClassLoader.java:168)
	at java.base/java.lang.ClassLoader.loadClass(ClassLoader.java:526)
	at org.bndtools.builder.BuilderPlugin.start(BuilderPlugin.java:23)
	at org.eclipse.osgi.internal.framework.BundleContextImpl$2.run(BundleContextImpl.java:818)
	at org.eclipse.osgi.internal.framework.BundleContextImpl$2.run(BundleContextImpl.java:1)
	at java.base/java.security.AccessController.doPrivileged(AccessController.java:571)
	at org.eclipse.osgi.internal.framework.BundleContextImpl.startActivator(BundleContextImpl.java:810)
	at org.eclipse.osgi.internal.framework.BundleContextImpl.start(BundleContextImpl.java:767)
	... 13 more
Caused by: org.osgi.framework.BundleException: Exception in bndtools.Plugin.start() of bundle bndtools.core.
	at org.eclipse.osgi.internal.framework.BundleContextImpl.startActivator(BundleContextImpl.java:839)
	at org.eclipse.osgi.internal.framework.BundleContextImpl.start(BundleContextImpl.java:767)
	at org.eclipse.osgi.internal.framework.EquinoxBundle.startWorker0(EquinoxBundle.java:1032)
	at org.eclipse.osgi.internal.framework.EquinoxBundle$EquinoxModule.startWorker(EquinoxBundle.java:371)
	at org.eclipse.osgi.container.Module.doStart(Module.java:605)
	at org.eclipse.osgi.container.Module.start(Module.java:468)
	at org.eclipse.osgi.framework.util.SecureAction.start(SecureAction.java:513)
	at org.eclipse.osgi.internal.hooks.EclipseLazyStarter.postFindLocalClass(EclipseLazyStarter.java:117)
	... 27 more
Caused by: java.lang.IllegalStateException: Workspace is already closed or not ready yet. Consider tracking the org.eclipse.core.resources.IWorkspace service (using your favorite technique, e.g. Declarative Services, ServiceTracker, Blueprint, ...) instead of calling the static method here to prevent such issues!
	at org.eclipse.core.resources.ResourcesPlugin.getWorkspace(ResourcesPlugin.java:502)
	at org.bndtools.builder.jobs.newproject.NewProjectJobsStartupParticipant.start(NewProjectJobsStartupParticipant.java:13)
	at bndtools.Plugin.runStartupParticipants(Plugin.java:113)
	at bndtools.Plugin.start(Plugin.java:84)
	at org.eclipse.osgi.internal.framework.BundleContextImpl$2.run(BundleContextImpl.java:818)
	at org.eclipse.osgi.internal.framework.BundleContextImpl$2.run(BundleContextImpl.java:1)
	at java.base/java.security.AccessController.doPrivileged(AccessController.java:571)
	at org.eclipse.osgi.internal.framework.BundleContextImpl.startActivator(BundleContextImpl.java:810)
	... 34 more
Root exception:
java.lang.ClassNotFoundException: An error occurred while automatically activating bundle bndtools.core (14).
	at org.eclipse.osgi.internal.hooks.EclipseLazyStarter.postFindLocalClass(EclipseLazyStarter.java:126)
	at org.eclipse.osgi.internal.loader.classpath.ClasspathManager.findLocalClass(ClasspathManager.java:570)
	at org.eclipse.osgi.internal.loader.ModuleClassLoader.findLocalClass(ModuleClassLoader.java:335)
	at org.eclipse.osgi.internal.loader.BundleLoader.findLocalClass(BundleLoader.java:397)
	at org.eclipse.osgi.internal.loader.sources.SingleSourcePackage.loadClass(SingleSourcePackage.java:41)
	at org.eclipse.osgi.internal.loader.BundleLoader.findClass0(BundleLoader.java:479)
	at org.eclipse.osgi.internal.loader.BundleLoader.findClass(BundleLoader.java:416)
	at org.eclipse.osgi.internal.loader.ModuleClassLoader.loadClass(ModuleClassLoader.java:168)
	at java.base/java.lang.ClassLoader.loadClass(ClassLoader.java:526)
	at org.bndtools.builder.BuilderPlugin.start(BuilderPlugin.java:23)
	at org.eclipse.osgi.internal.framework.BundleContextImpl$2.run(BundleContextImpl.java:818)
	at org.eclipse.osgi.internal.framework.BundleContextImpl$2.run(BundleContextImpl.java:1)
	at java.base/java.security.AccessController.doPrivileged(AccessController.java:571)
	at org.eclipse.osgi.internal.framework.BundleContextImpl.startActivator(BundleContextImpl.java:810)
	at org.eclipse.osgi.internal.framework.BundleContextImpl.start(BundleContextImpl.java:767)
	at org.eclipse.osgi.internal.framework.EquinoxBundle.startWorker0(EquinoxBundle.java:1032)
	at org.eclipse.osgi.internal.framework.EquinoxBundle$EquinoxModule.startWorker(EquinoxBundle.java:371)
	at org.eclipse.osgi.container.Module.doStart(Module.java:605)
	at org.eclipse.osgi.container.Module.start(Module.java:468)
	at org.eclipse.osgi.container.ModuleContainer$ContainerStartLevel$2.run(ModuleContainer.java:1852)
	at org.eclipse.osgi.internal.framework.EquinoxContainerAdaptor$1$1.execute(EquinoxContainerAdaptor.java:136)
	at org.eclipse.osgi.container.ModuleContainer$ContainerStartLevel.incStartLevel(ModuleContainer.java:1845)
	at org.eclipse.osgi.container.ModuleContainer$ContainerStartLevel.incStartLevel(ModuleContainer.java:1788)
	at org.eclipse.osgi.container.ModuleContainer$ContainerStartLevel.doContainerStartLevel(ModuleContainer.java:1750)
	at org.eclipse.osgi.container.ModuleContainer$ContainerStartLevel.dispatchEvent(ModuleContainer.java:1672)
	at org.eclipse.osgi.container.ModuleContainer$ContainerStartLevel.dispatchEvent(ModuleContainer.java:1)
	at org.eclipse.osgi.framework.eventmgr.EventManager.dispatchEvent(EventManager.java:234)
	at org.eclipse.osgi.framework.eventmgr.EventManager$EventThread.run(EventManager.java:345)
Caused by: org.osgi.framework.BundleException: Exception in bndtools.Plugin.start() of bundle bndtools.core.
	at org.eclipse.osgi.internal.framework.BundleContextImpl.startActivator(BundleContextImpl.java:839)
	at org.eclipse.osgi.internal.framework.BundleContextImpl.start(BundleContextImpl.java:767)
	at org.eclipse.osgi.internal.framework.EquinoxBundle.startWorker0(EquinoxBundle.java:1032)
	at org.eclipse.osgi.internal.framework.EquinoxBundle$EquinoxModule.startWorker(EquinoxBundle.java:371)
	at org.eclipse.osgi.container.Module.doStart(Module.java:605)
	at org.eclipse.osgi.container.Module.start(Module.java:468)
	at org.eclipse.osgi.framework.util.SecureAction.start(SecureAction.java:513)
	at org.eclipse.osgi.internal.hooks.EclipseLazyStarter.postFindLocalClass(EclipseLazyStarter.java:117)
	... 27 more
Caused by: java.lang.IllegalStateException: Workspace is already closed or not ready yet. Consider tracking the org.eclipse.core.resources.IWorkspace service (using your favorite technique, e.g. Declarative Services, ServiceTracker, Blueprint, ...) instead of calling the static method here to prevent such issues!
	at org.eclipse.core.resources.ResourcesPlugin.getWorkspace(ResourcesPlugin.java:502)
	at org.bndtools.builder.jobs.newproject.NewProjectJobsStartupParticipant.start(NewProjectJobsStartupParticipant.java:13)
	at bndtools.Plugin.runStartupParticipants(Plugin.java:113)
	at bndtools.Plugin.start(Plugin.java:84)
	at org.eclipse.osgi.internal.framework.BundleContextImpl$2.run(BundleContextImpl.java:818)
	at org.eclipse.osgi.internal.framework.BundleContextImpl$2.run(BundleContextImpl.java:1)
	at java.base/java.security.AccessController.doPrivileged(AccessController.java:571)
	at org.eclipse.osgi.internal.framework.BundleContextImpl.startActivator(BundleContextImpl.java:810)
	... 34 more
